Performing C++ SOURCE FILE Test UHD_ENABLE_X300_FW_RESET failed with the following output:
Change Dir: /home/ntia/soft-t-ue/build/CMakeFiles/CMakeTmp

Run Build Command(s):/usr/bin/gmake -f Makefile cmTC_4d8a7/fast && /usr/bin/gmake  -f CMakeFiles/cmTC_4d8a7.dir/build.make CMakeFiles/cmTC_4d8a7.dir/build
gmake[1]: Entering directory '/home/ntia/soft-t-ue/build/CMakeFiles/CMakeTmp'
Building CXX object CMakeFiles/cmTC_4d8a7.dir/src.cxx.o
/usr/bin/c++ -DUHD_ENABLE_X300_FW_RESET  -L/usr/local/lib -o CMakeFiles/cmTC_4d8a7.dir/src.cxx.o -c /home/ntia/soft-t-ue/build/CMakeFiles/CMakeTmp/src.cxx
Linking CXX executable cmTC_4d8a7
/usr/bin/cmake -E cmake_link_script CMakeFiles/cmTC_4d8a7.dir/link.txt --verbose=1
/usr/bin/c++   -L/usr/local/lib CMakeFiles/cmTC_4d8a7.dir/src.cxx.o -o cmTC_4d8a7  -luhd -lboost_program_options -lboost_system 
/usr/bin/ld: CMakeFiles/cmTC_4d8a7.dir/src.cxx.o: in function `try_usrp_x300_reset()':
src.cxx:(.text+0xea): undefined reference to `x300_make_ctrl_iface_enet(boost::shared_ptr<uhd::transport::udp_simple>, bool)'
collect2: error: ld returned 1 exit status
gmake[1]: *** [CMakeFiles/cmTC_4d8a7.dir/build.make:99: cmTC_4d8a7] Error 1
gmake[1]: Leaving directory '/home/ntia/soft-t-ue/build/CMakeFiles/CMakeTmp'
gmake: *** [Makefile:127: cmTC_4d8a7/fast] Error 2


Source file was:
#include <uhd.h>
    #include <uhd/usrp/multi_usrp.hpp>
    #include <uhd/transport/udp_simple.hpp>

    uhd::wb_iface::sptr x300_make_ctrl_iface_enet(uhd::transport::udp_simple::sptr udp, bool enable_errors);

    uhd_error try_usrp_x300_reset()
    {
      uhd::transport::udp_simple::sptr udp_simple = uhd::transport::udp_simple::make_connected("", "49152");
      uhd::wb_iface::sptr x300_ctrl = x300_make_ctrl_iface_enet(udp_simple, true);
      x300_ctrl->poke32(0x100058, 1);
      return UHD_ERROR_NONE;
    }

    int main(int argc, char** argv)
    {
      try_usrp_x300_reset();
      return 0;
    }
Performing C++ SOURCE FILE Test UHD_ENABLE_CUSTOM_RFNOC failed with the following output:
Change Dir: /home/ntia/soft-t-ue/build/CMakeFiles/CMakeTmp

Run Build Command(s):/usr/bin/gmake -f Makefile cmTC_818cb/fast && /usr/bin/gmake  -f CMakeFiles/cmTC_818cb.dir/build.make CMakeFiles/cmTC_818cb.dir/build
gmake[1]: Entering directory '/home/ntia/soft-t-ue/build/CMakeFiles/CMakeTmp'
Building CXX object CMakeFiles/cmTC_818cb.dir/src.cxx.o
/usr/bin/c++ -DUHD_ENABLE_CUSTOM_RFNOC  -L/usr/local/lib -o CMakeFiles/cmTC_818cb.dir/src.cxx.o -c /home/ntia/soft-t-ue/build/CMakeFiles/CMakeTmp/src.cxx
/home/ntia/soft-t-ue/build/CMakeFiles/CMakeTmp/src.cxx:3:14: fatal error: uhd/rfnoc/ddc_ch2_block_ctrl.hpp: No such file or directory
    3 |     #include <uhd/rfnoc/ddc_ch2_block_ctrl.hpp>
      |              ^~~~~~~~~~~~~~~~~~~~~~~~~~~~~~~~~~
compilation terminated.
gmake[1]: *** [CMakeFiles/cmTC_818cb.dir/build.make:78: CMakeFiles/cmTC_818cb.dir/src.cxx.o] Error 1
gmake[1]: Leaving directory '/home/ntia/soft-t-ue/build/CMakeFiles/CMakeTmp'
gmake: *** [Makefile:127: cmTC_818cb/fast] Error 2


Source file was:
#include <uhd.h>
    #include <uhd/device3.hpp>
    #include <uhd/rfnoc/ddc_ch2_block_ctrl.hpp>

    static uhd::device3::sptr device3;
    static uhd::rfnoc::ddc_ch2_block_ctrl::sptr ddc_ctrl;

    uhd_error try_device3_ddc_ch2_ctrl()
    {
      ddc_ctrl = device3->get_block_ctrl<uhd::rfnoc::ddc_ch2_block_ctrl>(uhd::rfnoc::block_id_t("DDCch2_0"));
      return UHD_ERROR_NONE;
    }

    int main(int argc, char** argv)
    {
      try_device3_ddc_ch2_ctrl();
      return 0;
    }
